01-Dec-2022 16:27:55.397 INFO [main] org.apache.catalina.startup.VersionLoggerListener.log Server version name:   Apache Tomcat/10.1.2
01-Dec-2022 16:27:55.404 INFO [main] org.apache.catalina.startup.VersionLoggerListener.log Server built:          Nov 9 2022 15:47:04 UTC
01-Dec-2022 16:27:55.424 INFO [main] org.apache.catalina.startup.VersionLoggerListener.log Server version number: 10.1.2.0
01-Dec-2022 16:27:55.432 INFO [main] org.apache.catalina.startup.VersionLoggerListener.log OS Name:               Linux
01-Dec-2022 16:27:55.432 INFO [main] org.apache.catalina.startup.VersionLoggerListener.log OS Version:            5.15.0-53-generic
01-Dec-2022 16:27:55.432 INFO [main] org.apache.catalina.startup.VersionLoggerListener.log Architecture:          amd64
01-Dec-2022 16:27:55.433 INFO [main] org.apache.catalina.startup.VersionLoggerListener.log Java Home:             /usr/java/jdk-17.0.5+8
01-Dec-2022 16:27:55.433 INFO [main] org.apache.catalina.startup.VersionLoggerListener.log JVM Version:           17.0.5+8
01-Dec-2022 16:27:55.433 INFO [main] org.apache.catalina.startup.VersionLoggerListener.log JVM Vendor:            Eclipse Adoptium
01-Dec-2022 16:27:55.433 INFO [main] org.apache.catalina.startup.VersionLoggerListener.log CATALINA_BASE:         /home/kanvaly/repos/Java-Servlet-e-Shop/apache-tomcat-10.1.2
01-Dec-2022 16:27:55.434 INFO [main] org.apache.catalina.startup.VersionLoggerListener.log CATALINA_HOME:         /home/kanvaly/repos/Java-Servlet-e-Shop/apache-tomcat-10.1.2
01-Dec-2022 16:27:55.446 INFO [main] org.apache.catalina.startup.VersionLoggerListener.log Command line argument: -Djava.util.logging.config.file=/home/kanvaly/repos/Java-Servlet-e-Shop/apache-tomcat-10.1.2/conf/logging.properties
01-Dec-2022 16:27:55.447 INFO [main] org.apache.catalina.startup.VersionLoggerListener.log Command line argument: -Djava.util.logging.manager=org.apache.juli.ClassLoaderLogManager
01-Dec-2022 16:27:55.447 INFO [main] org.apache.catalina.startup.VersionLoggerListener.log Command line argument: -Djdk.tls.ephemeralDHKeySize=2048
01-Dec-2022 16:27:55.452 INFO [main] org.apache.catalina.startup.VersionLoggerListener.log Command line argument: -Djava.protocol.handler.pkgs=org.apache.catalina.webresources
01-Dec-2022 16:27:55.455 INFO [main] org.apache.catalina.startup.VersionLoggerListener.log Command line argument: -Dorg.apache.catalina.security.SecurityListener.UMASK=0027
01-Dec-2022 16:27:55.455 INFO [main] org.apache.catalina.startup.VersionLoggerListener.log Command line argument: --add-opens=java.base/java.lang=ALL-UNNAMED
01-Dec-2022 16:27:55.455 INFO [main] org.apache.catalina.startup.VersionLoggerListener.log Command line argument: --add-opens=java.base/java.io=ALL-UNNAMED
01-Dec-2022 16:27:55.456 INFO [main] org.apache.catalina.startup.VersionLoggerListener.log Command line argument: --add-opens=java.base/java.util=ALL-UNNAMED
01-Dec-2022 16:27:55.457 INFO [main] org.apache.catalina.startup.VersionLoggerListener.log Command line argument: --add-opens=java.base/java.util.concurrent=ALL-UNNAMED
01-Dec-2022 16:27:55.457 INFO [main] org.apache.catalina.startup.VersionLoggerListener.log Command line argument: --add-opens=java.rmi/sun.rmi.transport=ALL-UNNAMED
01-Dec-2022 16:27:55.458 INFO [main] org.apache.catalina.startup.VersionLoggerListener.log Command line argument: -Dcatalina.base=/home/kanvaly/repos/Java-Servlet-e-Shop/apache-tomcat-10.1.2
01-Dec-2022 16:27:55.458 INFO [main] org.apache.catalina.startup.VersionLoggerListener.log Command line argument: -Dcatalina.home=/home/kanvaly/repos/Java-Servlet-e-Shop/apache-tomcat-10.1.2
01-Dec-2022 16:27:55.458 INFO [main] org.apache.catalina.startup.VersionLoggerListener.log Command line argument: -Djava.io.tmpdir=/home/kanvaly/repos/Java-Servlet-e-Shop/apache-tomcat-10.1.2/temp
01-Dec-2022 16:27:55.461 INFO [main] org.apache.catalina.core.AprLifecycleListener.lifecycleEvent The Apache Tomcat Native library which allows using OpenSSL was not found on the java.library.path: [/usr/java/packages/lib:/usr/lib64:/lib64:/lib:/usr/lib]
01-Dec-2022 16:27:56.801 INFO [main] org.apache.coyote.AbstractProtocol.init Initializing ProtocolHandler ["http-nio-9999"]
01-Dec-2022 16:27:56.921 INFO [main] org.apache.catalina.startup.Catalina.load Server initialization in [2047] milliseconds
01-Dec-2022 16:27:57.101 INFO [main] org.apache.catalina.core.StandardService.startInternal Starting service [Catalina]
01-Dec-2022 16:27:57.103 INFO [main] org.apache.catalina.core.StandardEngine.startInternal Starting Servlet engine: [Apache Tomcat/10.1.2]
01-Dec-2022 16:27:57.147 INFO [main] org.apache.catalina.startup.HostConfig.deployDirectory Deploying web application directory [/home/kanvaly/repos/Java-Servlet-e-Shop/apache-tomcat-10.1.2/webapps/ROOT]
01-Dec-2022 16:27:58.748 INFO [main] org.apache.jasper.servlet.TldScanner.scanJars At least one JAR was scanned for TLDs yet contained no TLDs. Enable debug logging for this logger for a complete list of JARs that were scanned but no TLDs were found in them. Skipping unneeded JARs during scanning can improve startup time and JSP compilation time.
01-Dec-2022 16:27:58.983 INFO [main] org.apache.catalina.startup.HostConfig.deployDirectory Deployment of web application directory [/home/kanvaly/repos/Java-Servlet-e-Shop/apache-tomcat-10.1.2/webapps/ROOT] has finished in [1,835] ms
01-Dec-2022 16:27:58.984 INFO [main] org.apache.catalina.startup.HostConfig.deployDirectory Deploying web application directory [/home/kanvaly/repos/Java-Servlet-e-Shop/apache-tomcat-10.1.2/webapps/ebookshop]
01-Dec-2022 16:27:59.639 INFO [main] org.apache.jasper.servlet.TldScanner.scanJars At least one JAR was scanned for TLDs yet contained no TLDs. Enable debug logging for this logger for a complete list of JARs that were scanned but no TLDs were found in them. Skipping unneeded JARs during scanning can improve startup time and JSP compilation time.
01-Dec-2022 16:27:59.671 INFO [main] org.apache.catalina.startup.HostConfig.deployDirectory Deployment of web application directory [/home/kanvaly/repos/Java-Servlet-e-Shop/apache-tomcat-10.1.2/webapps/ebookshop] has finished in [686] ms
01-Dec-2022 16:27:59.676 INFO [main] org.apache.catalina.startup.HostConfig.deployDirectory Deploying web application directory [/home/kanvaly/repos/Java-Servlet-e-Shop/apache-tomcat-10.1.2/webapps/docs]
01-Dec-2022 16:28:00.338 INFO [main] org.apache.jasper.servlet.TldScanner.scanJars At least one JAR was scanned for TLDs yet contained no TLDs. Enable debug logging for this logger for a complete list of JARs that were scanned but no TLDs were found in them. Skipping unneeded JARs during scanning can improve startup time and JSP compilation time.
01-Dec-2022 16:28:00.356 INFO [main] org.apache.catalina.startup.HostConfig.deployDirectory Deployment of web application directory [/home/kanvaly/repos/Java-Servlet-e-Shop/apache-tomcat-10.1.2/webapps/docs] has finished in [680] ms
01-Dec-2022 16:28:00.357 INFO [main] org.apache.catalina.startup.HostConfig.deployDirectory Deploying web application directory [/home/kanvaly/repos/Java-Servlet-e-Shop/apache-tomcat-10.1.2/webapps/examples]
01-Dec-2022 16:28:01.566 INFO [main] org.apache.jasper.servlet.TldScanner.scanJars At least one JAR was scanned for TLDs yet contained no TLDs. Enable debug logging for this logger for a complete list of JARs that were scanned but no TLDs were found in them. Skipping unneeded JARs during scanning can improve startup time and JSP compilation time.
01-Dec-2022 16:28:01.700 INFO [main] org.apache.catalina.startup.HostConfig.deployDirectory Deployment of web application directory [/home/kanvaly/repos/Java-Servlet-e-Shop/apache-tomcat-10.1.2/webapps/examples] has finished in [1,342] ms
01-Dec-2022 16:28:01.700 INFO [main] org.apache.catalina.startup.HostConfig.deployDirectory Deploying web application directory [/home/kanvaly/repos/Java-Servlet-e-Shop/apache-tomcat-10.1.2/webapps/manager]
01-Dec-2022 16:28:02.296 INFO [main] org.apache.jasper.servlet.TldScanner.scanJars At least one JAR was scanned for TLDs yet contained no TLDs. Enable debug logging for this logger for a complete list of JARs that were scanned but no TLDs were found in them. Skipping unneeded JARs during scanning can improve startup time and JSP compilation time.
01-Dec-2022 16:28:02.311 INFO [main] org.apache.catalina.startup.HostConfig.deployDirectory Deployment of web application directory [/home/kanvaly/repos/Java-Servlet-e-Shop/apache-tomcat-10.1.2/webapps/manager] has finished in [610] ms
01-Dec-2022 16:28:02.311 INFO [main] org.apache.catalina.startup.HostConfig.deployDirectory Deploying web application directory [/home/kanvaly/repos/Java-Servlet-e-Shop/apache-tomcat-10.1.2/webapps/host-manager]
01-Dec-2022 16:28:03.079 INFO [main] org.apache.jasper.servlet.TldScanner.scanJars At least one JAR was scanned for TLDs yet contained no TLDs. Enable debug logging for this logger for a complete list of JARs that were scanned but no TLDs were found in them. Skipping unneeded JARs during scanning can improve startup time and JSP compilation time.
01-Dec-2022 16:28:03.091 INFO [main] org.apache.catalina.startup.HostConfig.deployDirectory Deployment of web application directory [/home/kanvaly/repos/Java-Servlet-e-Shop/apache-tomcat-10.1.2/webapps/host-manager] has finished in [780] ms
01-Dec-2022 16:28:03.098 INFO [main] org.apache.coyote.AbstractProtocol.start Starting ProtocolHandler ["http-nio-9999"]
01-Dec-2022 16:28:03.130 INFO [main] org.apache.catalina.startup.Catalina.start Server startup in [6208] milliseconds
01-Dec-2022 18:10:25.867 INFO [Thread-1] org.apache.coyote.AbstractProtocol.pause Pausing ProtocolHandler ["http-nio-9999"]
01-Dec-2022 18:10:25.873 INFO [Thread-1] org.apache.catalina.core.StandardService.stopInternal Stopping service [Catalina]
01-Dec-2022 18:10:25.998 INFO [Thread-1] org.apache.coyote.AbstractProtocol.stop Stopping ProtocolHandler ["http-nio-9999"]
01-Dec-2022 18:10:26.030 INFO [Thread-1] org.apache.coyote.AbstractProtocol.destroy Destroying ProtocolHandler ["http-nio-9999"]
01-Dec-2022 18:10:34.526 INFO [main] org.apache.catalina.startup.VersionLoggerListener.log Server version name:   Apache Tomcat/10.1.2
01-Dec-2022 18:10:34.533 INFO [main] org.apache.catalina.startup.VersionLoggerListener.log Server built:          Nov 9 2022 15:47:04 UTC
01-Dec-2022 18:10:34.534 INFO [main] org.apache.catalina.startup.VersionLoggerListener.log Server version number: 10.1.2.0
01-Dec-2022 18:10:34.534 INFO [main] org.apache.catalina.startup.VersionLoggerListener.log OS Name:               Linux
01-Dec-2022 18:10:34.534 INFO [main] org.apache.catalina.startup.VersionLoggerListener.log OS Version:            5.15.0-53-generic
01-Dec-2022 18:10:34.534 INFO [main] org.apache.catalina.startup.VersionLoggerListener.log Architecture:          amd64
01-Dec-2022 18:10:34.534 INFO [main] org.apache.catalina.startup.VersionLoggerListener.log Java Home:             /usr/java/jdk-17.0.5+8
01-Dec-2022 18:10:34.535 INFO [main] org.apache.catalina.startup.VersionLoggerListener.log JVM Version:           17.0.5+8
01-Dec-2022 18:10:34.535 INFO [main] org.apache.catalina.startup.VersionLoggerListener.log JVM Vendor:            Eclipse Adoptium
01-Dec-2022 18:10:34.535 INFO [main] org.apache.catalina.startup.VersionLoggerListener.log CATALINA_BASE:         /home/kanvaly/repos/Java-Servlet-e-Shop/apache-tomcat-10.1.2
01-Dec-2022 18:10:34.535 INFO [main] org.apache.catalina.startup.VersionLoggerListener.log CATALINA_HOME:         /home/kanvaly/repos/Java-Servlet-e-Shop/apache-tomcat-10.1.2
01-Dec-2022 18:10:34.587 INFO [main] org.apache.catalina.startup.VersionLoggerListener.log Command line argument: -Djava.util.logging.config.file=/home/kanvaly/repos/Java-Servlet-e-Shop/apache-tomcat-10.1.2/conf/logging.properties
01-Dec-2022 18:10:34.587 INFO [main] org.apache.catalina.startup.VersionLoggerListener.log Command line argument: -Djava.util.logging.manager=org.apache.juli.ClassLoaderLogManager
01-Dec-2022 18:10:34.587 INFO [main] org.apache.catalina.startup.VersionLoggerListener.log Command line argument: -Djdk.tls.ephemeralDHKeySize=2048
01-Dec-2022 18:10:34.587 INFO [main] org.apache.catalina.startup.VersionLoggerListener.log Command line argument: -Djava.protocol.handler.pkgs=org.apache.catalina.webresources
01-Dec-2022 18:10:34.588 INFO [main] org.apache.catalina.startup.VersionLoggerListener.log Command line argument: -Dorg.apache.catalina.security.SecurityListener.UMASK=0027
01-Dec-2022 18:10:34.588 INFO [main] org.apache.catalina.startup.VersionLoggerListener.log Command line argument: --add-opens=java.base/java.lang=ALL-UNNAMED
01-Dec-2022 18:10:34.588 INFO [main] org.apache.catalina.startup.VersionLoggerListener.log Command line argument: --add-opens=java.base/java.io=ALL-UNNAMED
01-Dec-2022 18:10:34.589 INFO [main] org.apache.catalina.startup.VersionLoggerListener.log Command line argument: --add-opens=java.base/java.util=ALL-UNNAMED
01-Dec-2022 18:10:34.589 INFO [main] org.apache.catalina.startup.VersionLoggerListener.log Command line argument: --add-opens=java.base/java.util.concurrent=ALL-UNNAMED
01-Dec-2022 18:10:34.589 INFO [main] org.apache.catalina.startup.VersionLoggerListener.log Command line argument: --add-opens=java.rmi/sun.rmi.transport=ALL-UNNAMED
01-Dec-2022 18:10:34.589 INFO [main] org.apache.catalina.startup.VersionLoggerListener.log Command line argument: -Dcatalina.base=/home/kanvaly/repos/Java-Servlet-e-Shop/apache-tomcat-10.1.2
01-Dec-2022 18:10:34.589 INFO [main] org.apache.catalina.startup.VersionLoggerListener.log Command line argument: -Dcatalina.home=/home/kanvaly/repos/Java-Servlet-e-Shop/apache-tomcat-10.1.2
01-Dec-2022 18:10:34.589 INFO [main] org.apache.catalina.startup.VersionLoggerListener.log Command line argument: -Djava.io.tmpdir=/home/kanvaly/repos/Java-Servlet-e-Shop/apache-tomcat-10.1.2/temp
01-Dec-2022 18:10:34.595 INFO [main] org.apache.catalina.core.AprLifecycleListener.lifecycleEvent The Apache Tomcat Native library which allows using OpenSSL was not found on the java.library.path: [/usr/java/packages/lib:/usr/lib64:/lib64:/lib:/usr/lib]
01-Dec-2022 18:10:35.500 INFO [main] org.apache.coyote.AbstractProtocol.init Initializing ProtocolHandler ["http-nio-9999"]
01-Dec-2022 18:10:35.586 INFO [main] org.apache.catalina.startup.Catalina.load Server initialization in [1434] milliseconds
01-Dec-2022 18:10:35.720 INFO [main] org.apache.catalina.core.StandardService.startInternal Starting service [Catalina]
01-Dec-2022 18:10:35.726 INFO [main] org.apache.catalina.core.StandardEngine.startInternal Starting Servlet engine: [Apache Tomcat/10.1.2]
01-Dec-2022 18:10:35.757 INFO [main] org.apache.catalina.startup.HostConfig.deployDirectory Deploying web application directory [/home/kanvaly/repos/Java-Servlet-e-Shop/apache-tomcat-10.1.2/webapps/ROOT]
01-Dec-2022 18:10:37.015 INFO [main] org.apache.jasper.servlet.TldScanner.scanJars At least one JAR was scanned for TLDs yet contained no TLDs. Enable debug logging for this logger for a complete list of JARs that were scanned but no TLDs were found in them. Skipping unneeded JARs during scanning can improve startup time and JSP compilation time.
01-Dec-2022 18:10:37.123 INFO [main] org.apache.catalina.startup.HostConfig.deployDirectory Deployment of web application directory [/home/kanvaly/repos/Java-Servlet-e-Shop/apache-tomcat-10.1.2/webapps/ROOT] has finished in [1,370] ms
01-Dec-2022 18:10:37.124 INFO [main] org.apache.catalina.startup.HostConfig.deployDirectory Deploying web application directory [/home/kanvaly/repos/Java-Servlet-e-Shop/apache-tomcat-10.1.2/webapps/ebookshop]
01-Dec-2022 18:10:37.818 INFO [main] org.apache.jasper.servlet.TldScanner.scanJars At least one JAR was scanned for TLDs yet contained no TLDs. Enable debug logging for this logger for a complete list of JARs that were scanned but no TLDs were found in them. Skipping unneeded JARs during scanning can improve startup time and JSP compilation time.
01-Dec-2022 18:10:37.842 INFO [main] org.apache.catalina.startup.HostConfig.deployDirectory Deployment of web application directory [/home/kanvaly/repos/Java-Servlet-e-Shop/apache-tomcat-10.1.2/webapps/ebookshop] has finished in [718] ms
01-Dec-2022 18:10:37.843 INFO [main] org.apache.catalina.startup.HostConfig.deployDirectory Deploying web application directory [/home/kanvaly/repos/Java-Servlet-e-Shop/apache-tomcat-10.1.2/webapps/docs]
01-Dec-2022 18:10:38.589 INFO [main] org.apache.jasper.servlet.TldScanner.scanJars At least one JAR was scanned for TLDs yet contained no TLDs. Enable debug logging for this logger for a complete list of JARs that were scanned but no TLDs were found in them. Skipping unneeded JARs during scanning can improve startup time and JSP compilation time.
01-Dec-2022 18:10:38.592 INFO [main] org.apache.catalina.startup.HostConfig.deployDirectory Deployment of web application directory [/home/kanvaly/repos/Java-Servlet-e-Shop/apache-tomcat-10.1.2/webapps/docs] has finished in [749] ms
01-Dec-2022 18:10:38.593 INFO [main] org.apache.catalina.startup.HostConfig.deployDirectory Deploying web application directory [/home/kanvaly/repos/Java-Servlet-e-Shop/apache-tomcat-10.1.2/webapps/examples]
01-Dec-2022 18:10:39.503 INFO [main] org.apache.jasper.servlet.TldScanner.scanJars At least one JAR was scanned for TLDs yet contained no TLDs. Enable debug logging for this logger for a complete list of JARs that were scanned but no TLDs were found in them. Skipping unneeded JARs during scanning can improve startup time and JSP compilation time.
01-Dec-2022 18:10:39.628 INFO [main] org.apache.catalina.startup.HostConfig.deployDirectory Deployment of web application directory [/home/kanvaly/repos/Java-Servlet-e-Shop/apache-tomcat-10.1.2/webapps/examples] has finished in [1,035] ms
01-Dec-2022 18:10:39.636 INFO [main] org.apache.catalina.startup.HostConfig.deployDirectory Deploying web application directory [/home/kanvaly/repos/Java-Servlet-e-Shop/apache-tomcat-10.1.2/webapps/manager]
01-Dec-2022 18:10:40.215 INFO [main] org.apache.jasper.servlet.TldScanner.scanJars At least one JAR was scanned for TLDs yet contained no TLDs. Enable debug logging for this logger for a complete list of JARs that were scanned but no TLDs were found in them. Skipping unneeded JARs during scanning can improve startup time and JSP compilation time.
01-Dec-2022 18:10:40.220 INFO [main] org.apache.catalina.startup.HostConfig.deployDirectory Deployment of web application directory [/home/kanvaly/repos/Java-Servlet-e-Shop/apache-tomcat-10.1.2/webapps/manager] has finished in [584] ms
01-Dec-2022 18:10:40.221 INFO [main] org.apache.catalina.startup.HostConfig.deployDirectory Deploying web application directory [/home/kanvaly/repos/Java-Servlet-e-Shop/apache-tomcat-10.1.2/webapps/host-manager]
01-Dec-2022 18:10:40.771 INFO [main] org.apache.jasper.servlet.TldScanner.scanJars At least one JAR was scanned for TLDs yet contained no TLDs. Enable debug logging for this logger for a complete list of JARs that were scanned but no TLDs were found in them. Skipping unneeded JARs during scanning can improve startup time and JSP compilation time.
01-Dec-2022 18:10:40.794 INFO [main] org.apache.catalina.startup.HostConfig.deployDirectory Deployment of web application directory [/home/kanvaly/repos/Java-Servlet-e-Shop/apache-tomcat-10.1.2/webapps/host-manager] has finished in [573] ms
01-Dec-2022 18:10:40.801 INFO [main] org.apache.coyote.AbstractProtocol.start Starting ProtocolHandler ["http-nio-9999"]
01-Dec-2022 18:10:40.909 INFO [main] org.apache.catalina.startup.Catalina.start Server startup in [5319] milliseconds
01-Dec-2022 19:29:36.190 INFO [Thread-1] org.apache.coyote.AbstractProtocol.pause Pausing ProtocolHandler ["http-nio-9999"]
01-Dec-2022 19:29:36.194 INFO [Thread-1] org.apache.catalina.core.StandardService.stopInternal Stopping service [Catalina]
01-Dec-2022 19:29:36.326 INFO [Thread-1] org.apache.coyote.AbstractProtocol.stop Stopping ProtocolHandler ["http-nio-9999"]
01-Dec-2022 19:29:36.353 INFO [Thread-1] org.apache.coyote.AbstractProtocol.destroy Destroying ProtocolHandler ["http-nio-9999"]
01-Dec-2022 19:42:02.063 INFO [main] org.apache.catalina.startup.VersionLoggerListener.log Server version name:   Apache Tomcat/10.1.2
01-Dec-2022 19:42:02.097 INFO [main] org.apache.catalina.startup.VersionLoggerListener.log Server built:          Nov 9 2022 15:47:04 UTC
01-Dec-2022 19:42:02.105 INFO [main] org.apache.catalina.startup.VersionLoggerListener.log Server version number: 10.1.2.0
01-Dec-2022 19:42:02.105 INFO [main] org.apache.catalina.startup.VersionLoggerListener.log OS Name:               Linux
01-Dec-2022 19:42:02.106 INFO [main] org.apache.catalina.startup.VersionLoggerListener.log OS Version:            5.15.0-53-generic
01-Dec-2022 19:42:02.106 INFO [main] org.apache.catalina.startup.VersionLoggerListener.log Architecture:          amd64
01-Dec-2022 19:42:02.106 INFO [main] org.apache.catalina.startup.VersionLoggerListener.log Java Home:             /usr/java/jdk-17.0.5+8
01-Dec-2022 19:42:02.108 INFO [main] org.apache.catalina.startup.VersionLoggerListener.log JVM Version:           17.0.5+8
01-Dec-2022 19:42:02.108 INFO [main] org.apache.catalina.startup.VersionLoggerListener.log JVM Vendor:            Eclipse Adoptium
01-Dec-2022 19:42:02.121 INFO [main] org.apache.catalina.startup.VersionLoggerListener.log CATALINA_BASE:         /home/kanvaly/repos/Java-Servlet-e-Shop/apache-tomcat-10.1.2
01-Dec-2022 19:42:02.121 INFO [main] org.apache.catalina.startup.VersionLoggerListener.log CATALINA_HOME:         /home/kanvaly/repos/Java-Servlet-e-Shop/apache-tomcat-10.1.2
01-Dec-2022 19:42:02.202 INFO [main] org.apache.catalina.startup.VersionLoggerListener.log Command line argument: -Djava.util.logging.config.file=/home/kanvaly/repos/Java-Servlet-e-Shop/apache-tomcat-10.1.2/conf/logging.properties
01-Dec-2022 19:42:02.202 INFO [main] org.apache.catalina.startup.VersionLoggerListener.log Command line argument: -Djava.util.logging.manager=org.apache.juli.ClassLoaderLogManager
01-Dec-2022 19:42:02.203 INFO [main] org.apache.catalina.startup.VersionLoggerListener.log Command line argument: -Djdk.tls.ephemeralDHKeySize=2048
01-Dec-2022 19:42:02.208 INFO [main] org.apache.catalina.startup.VersionLoggerListener.log Command line argument: -Djava.protocol.handler.pkgs=org.apache.catalina.webresources
01-Dec-2022 19:42:02.214 INFO [main] org.apache.catalina.startup.VersionLoggerListener.log Command line argument: -Dorg.apache.catalina.security.SecurityListener.UMASK=0027
01-Dec-2022 19:42:02.214 INFO [main] org.apache.catalina.startup.VersionLoggerListener.log Command line argument: --add-opens=java.base/java.lang=ALL-UNNAMED
01-Dec-2022 19:42:02.214 INFO [main] org.apache.catalina.startup.VersionLoggerListener.log Command line argument: --add-opens=java.base/java.io=ALL-UNNAMED
01-Dec-2022 19:42:02.217 INFO [main] org.apache.catalina.startup.VersionLoggerListener.log Command line argument: --add-opens=java.base/java.util=ALL-UNNAMED
01-Dec-2022 19:42:02.219 INFO [main] org.apache.catalina.startup.VersionLoggerListener.log Command line argument: --add-opens=java.base/java.util.concurrent=ALL-UNNAMED
01-Dec-2022 19:42:02.220 INFO [main] org.apache.catalina.startup.VersionLoggerListener.log Command line argument: --add-opens=java.rmi/sun.rmi.transport=ALL-UNNAMED
01-Dec-2022 19:42:02.220 INFO [main] org.apache.catalina.startup.VersionLoggerListener.log Command line argument: -Dcatalina.base=/home/kanvaly/repos/Java-Servlet-e-Shop/apache-tomcat-10.1.2
01-Dec-2022 19:42:02.226 INFO [main] org.apache.catalina.startup.VersionLoggerListener.log Command line argument: -Dcatalina.home=/home/kanvaly/repos/Java-Servlet-e-Shop/apache-tomcat-10.1.2
01-Dec-2022 19:42:02.229 INFO [main] org.apache.catalina.startup.VersionLoggerListener.log Command line argument: -Djava.io.tmpdir=/home/kanvaly/repos/Java-Servlet-e-Shop/apache-tomcat-10.1.2/temp
01-Dec-2022 19:42:02.234 INFO [main] org.apache.catalina.core.AprLifecycleListener.lifecycleEvent The Apache Tomcat Native library which allows using OpenSSL was not found on the java.library.path: [/usr/java/packages/lib:/usr/lib64:/lib64:/lib:/usr/lib]
01-Dec-2022 19:42:05.171 INFO [main] org.apache.coyote.AbstractProtocol.init Initializing ProtocolHandler ["http-nio-9999"]
01-Dec-2022 19:42:05.386 INFO [main] org.apache.catalina.startup.Catalina.load Server initialization in [4267] milliseconds
01-Dec-2022 19:42:05.943 INFO [main] org.apache.catalina.core.StandardService.startInternal Starting service [Catalina]
01-Dec-2022 19:42:05.944 INFO [main] org.apache.catalina.core.StandardEngine.startInternal Starting Servlet engine: [Apache Tomcat/10.1.2]
01-Dec-2022 19:42:06.190 INFO [main] org.apache.catalina.startup.HostConfig.deployDirectory Deploying web application directory [/home/kanvaly/repos/Java-Servlet-e-Shop/apache-tomcat-10.1.2/webapps/ROOT]
01-Dec-2022 19:42:13.351 INFO [main] org.apache.jasper.servlet.TldScanner.scanJars At least one JAR was scanned for TLDs yet contained no TLDs. Enable debug logging for this logger for a complete list of JARs that were scanned but no TLDs were found in them. Skipping unneeded JARs during scanning can improve startup time and JSP compilation time.
01-Dec-2022 19:42:13.957 INFO [main] org.apache.catalina.startup.HostConfig.deployDirectory Deployment of web application directory [/home/kanvaly/repos/Java-Servlet-e-Shop/apache-tomcat-10.1.2/webapps/ROOT] has finished in [7,757] ms
01-Dec-2022 19:42:13.969 INFO [main] org.apache.catalina.startup.HostConfig.deployDirectory Deploying web application directory [/home/kanvaly/repos/Java-Servlet-e-Shop/apache-tomcat-10.1.2/webapps/ebookshop]
01-Dec-2022 19:42:16.246 INFO [main] org.apache.jasper.servlet.TldScanner.scanJars At least one JAR was scanned for TLDs yet contained no TLDs. Enable debug logging for this logger for a complete list of JARs that were scanned but no TLDs were found in them. Skipping unneeded JARs during scanning can improve startup time and JSP compilation time.
01-Dec-2022 19:42:16.326 INFO [main] org.apache.catalina.startup.HostConfig.deployDirectory Deployment of web application directory [/home/kanvaly/repos/Java-Servlet-e-Shop/apache-tomcat-10.1.2/webapps/ebookshop] has finished in [2,356] ms
01-Dec-2022 19:42:16.340 INFO [main] org.apache.catalina.startup.HostConfig.deployDirectory Deploying web application directory [/home/kanvaly/repos/Java-Servlet-e-Shop/apache-tomcat-10.1.2/webapps/docs]
01-Dec-2022 19:42:18.080 INFO [main] org.apache.jasper.servlet.TldScanner.scanJars At least one JAR was scanned for TLDs yet contained no TLDs. Enable debug logging for this logger for a complete list of JARs that were scanned but no TLDs were found in them. Skipping unneeded JARs during scanning can improve startup time and JSP compilation time.
01-Dec-2022 19:42:18.106 INFO [main] org.apache.catalina.startup.HostConfig.deployDirectory Deployment of web application directory [/home/kanvaly/repos/Java-Servlet-e-Shop/apache-tomcat-10.1.2/webapps/docs] has finished in [1,766] ms
01-Dec-2022 19:42:18.113 INFO [main] org.apache.catalina.startup.HostConfig.deployDirectory Deploying web application directory [/home/kanvaly/repos/Java-Servlet-e-Shop/apache-tomcat-10.1.2/webapps/examples]
01-Dec-2022 19:42:21.467 INFO [main] org.apache.jasper.servlet.TldScanner.scanJars At least one JAR was scanned for TLDs yet contained no TLDs. Enable debug logging for this logger for a complete list of JARs that were scanned but no TLDs were found in them. Skipping unneeded JARs during scanning can improve startup time and JSP compilation time.
01-Dec-2022 19:42:21.866 INFO [main] org.apache.catalina.startup.HostConfig.deployDirectory Deployment of web application directory [/home/kanvaly/repos/Java-Servlet-e-Shop/apache-tomcat-10.1.2/webapps/examples] has finished in [3,752] ms
01-Dec-2022 19:42:21.869 INFO [main] org.apache.catalina.startup.HostConfig.deployDirectory Deploying web application directory [/home/kanvaly/repos/Java-Servlet-e-Shop/apache-tomcat-10.1.2/webapps/manager]
01-Dec-2022 19:42:23.854 INFO [main] org.apache.jasper.servlet.TldScanner.scanJars At least one JAR was scanned for TLDs yet contained no TLDs. Enable debug logging for this logger for a complete list of JARs that were scanned but no TLDs were found in them. Skipping unneeded JARs during scanning can improve startup time and JSP compilation time.
01-Dec-2022 19:42:23.919 INFO [main] org.apache.catalina.startup.HostConfig.deployDirectory Deployment of web application directory [/home/kanvaly/repos/Java-Servlet-e-Shop/apache-tomcat-10.1.2/webapps/manager] has finished in [2,049] ms
01-Dec-2022 19:42:23.919 INFO [main] org.apache.catalina.startup.HostConfig.deployDirectory Deploying web application directory [/home/kanvaly/repos/Java-Servlet-e-Shop/apache-tomcat-10.1.2/webapps/host-manager]
01-Dec-2022 19:42:25.728 INFO [main] org.apache.jasper.servlet.TldScanner.scanJars At least one JAR was scanned for TLDs yet contained no TLDs. Enable debug logging for this logger for a complete list of JARs that were scanned but no TLDs were found in them. Skipping unneeded JARs during scanning can improve startup time and JSP compilation time.
01-Dec-2022 19:42:25.750 INFO [main] org.apache.catalina.startup.HostConfig.deployDirectory Deployment of web application directory [/home/kanvaly/repos/Java-Servlet-e-Shop/apache-tomcat-10.1.2/webapps/host-manager] has finished in [1,830] ms
01-Dec-2022 19:42:25.769 INFO [main] org.apache.coyote.AbstractProtocol.start Starting ProtocolHandler ["http-nio-9999"]
01-Dec-2022 19:42:25.899 INFO [main] org.apache.catalina.startup.Catalina.start Server startup in [20509] milliseconds
01-Dec-2022 19:47:16.422 INFO [Thread-1] org.apache.coyote.AbstractProtocol.pause Pausing ProtocolHandler ["http-nio-9999"]
01-Dec-2022 19:47:16.434 INFO [Thread-1] org.apache.catalina.core.StandardService.stopInternal Stopping service [Catalina]
01-Dec-2022 19:47:16.635 INFO [Thread-1] org.apache.coyote.AbstractProtocol.stop Stopping ProtocolHandler ["http-nio-9999"]
01-Dec-2022 19:47:16.676 INFO [Thread-1] org.apache.coyote.AbstractProtocol.destroy Destroying ProtocolHandler ["http-nio-9999"]
01-Dec-2022 19:47:26.587 INFO [main] org.apache.catalina.startup.VersionLoggerListener.log Server version name:   Apache Tomcat/10.1.2
01-Dec-2022 19:47:26.603 INFO [main] org.apache.catalina.startup.VersionLoggerListener.log Server built:          Nov 9 2022 15:47:04 UTC
01-Dec-2022 19:47:26.604 INFO [main] org.apache.catalina.startup.VersionLoggerListener.log Server version number: 10.1.2.0
01-Dec-2022 19:47:26.613 INFO [main] org.apache.catalina.startup.VersionLoggerListener.log OS Name:               Linux
01-Dec-2022 19:47:26.614 INFO [main] org.apache.catalina.startup.VersionLoggerListener.log OS Version:            5.15.0-53-generic
01-Dec-2022 19:47:26.614 INFO [main] org.apache.catalina.startup.VersionLoggerListener.log Architecture:          amd64
01-Dec-2022 19:47:26.615 INFO [main] org.apache.catalina.startup.VersionLoggerListener.log Java Home:             /usr/java/jdk-17.0.5+8
01-Dec-2022 19:47:26.615 INFO [main] org.apache.catalina.startup.VersionLoggerListener.log JVM Version:           17.0.5+8
01-Dec-2022 19:47:26.615 INFO [main] org.apache.catalina.startup.VersionLoggerListener.log JVM Vendor:            Eclipse Adoptium
01-Dec-2022 19:47:26.616 INFO [main] org.apache.catalina.startup.VersionLoggerListener.log CATALINA_BASE:         /home/kanvaly/repos/Java-Servlet-e-Shop/apache-tomcat-10.1.2
01-Dec-2022 19:47:26.617 INFO [main] org.apache.catalina.startup.VersionLoggerListener.log CATALINA_HOME:         /home/kanvaly/repos/Java-Servlet-e-Shop/apache-tomcat-10.1.2
01-Dec-2022 19:47:26.664 INFO [main] org.apache.catalina.startup.VersionLoggerListener.log Command line argument: -Djava.util.logging.config.file=/home/kanvaly/repos/Java-Servlet-e-Shop/apache-tomcat-10.1.2/conf/logging.properties
01-Dec-2022 19:47:26.665 INFO [main] org.apache.catalina.startup.VersionLoggerListener.log Command line argument: -Djava.util.logging.manager=org.apache.juli.ClassLoaderLogManager
01-Dec-2022 19:47:26.666 INFO [main] org.apache.catalina.startup.VersionLoggerListener.log Command line argument: -Djdk.tls.ephemeralDHKeySize=2048
01-Dec-2022 19:47:26.666 INFO [main] org.apache.catalina.startup.VersionLoggerListener.log Command line argument: -Djava.protocol.handler.pkgs=org.apache.catalina.webresources
01-Dec-2022 19:47:26.667 INFO [main] org.apache.catalina.startup.VersionLoggerListener.log Command line argument: -Dorg.apache.catalina.security.SecurityListener.UMASK=0027
01-Dec-2022 19:47:26.667 INFO [main] org.apache.catalina.startup.VersionLoggerListener.log Command line argument: --add-opens=java.base/java.lang=ALL-UNNAMED
01-Dec-2022 19:47:26.667 INFO [main] org.apache.catalina.startup.VersionLoggerListener.log Command line argument: --add-opens=java.base/java.io=ALL-UNNAMED
01-Dec-2022 19:47:26.667 INFO [main] org.apache.catalina.startup.VersionLoggerListener.log Command line argument: --add-opens=java.base/java.util=ALL-UNNAMED
01-Dec-2022 19:47:26.674 INFO [main] org.apache.catalina.startup.VersionLoggerListener.log Command line argument: --add-opens=java.base/java.util.concurrent=ALL-UNNAMED
01-Dec-2022 19:47:26.674 INFO [main] org.apache.catalina.startup.VersionLoggerListener.log Command line argument: --add-opens=java.rmi/sun.rmi.transport=ALL-UNNAMED
01-Dec-2022 19:47:26.675 INFO [main] org.apache.catalina.startup.VersionLoggerListener.log Command line argument: -Dcatalina.base=/home/kanvaly/repos/Java-Servlet-e-Shop/apache-tomcat-10.1.2
01-Dec-2022 19:47:26.676 INFO [main] org.apache.catalina.startup.VersionLoggerListener.log Command line argument: -Dcatalina.home=/home/kanvaly/repos/Java-Servlet-e-Shop/apache-tomcat-10.1.2
01-Dec-2022 19:47:26.677 INFO [main] org.apache.catalina.startup.VersionLoggerListener.log Command line argument: -Djava.io.tmpdir=/home/kanvaly/repos/Java-Servlet-e-Shop/apache-tomcat-10.1.2/temp
01-Dec-2022 19:47:26.697 INFO [main] org.apache.catalina.core.AprLifecycleListener.lifecycleEvent The Apache Tomcat Native library which allows using OpenSSL was not found on the java.library.path: [/usr/java/packages/lib:/usr/lib64:/lib64:/lib:/usr/lib]
01-Dec-2022 19:47:29.890 INFO [main] org.apache.coyote.AbstractProtocol.init Initializing ProtocolHandler ["http-nio-9999"]
01-Dec-2022 19:47:30.259 INFO [main] org.apache.catalina.startup.Catalina.load Server initialization in [4553] milliseconds
01-Dec-2022 19:47:30.646 INFO [main] org.apache.catalina.core.StandardService.startInternal Starting service [Catalina]
01-Dec-2022 19:47:30.647 INFO [main] org.apache.catalina.core.StandardEngine.startInternal Starting Servlet engine: [Apache Tomcat/10.1.2]
01-Dec-2022 19:47:30.726 INFO [main] org.apache.catalina.startup.HostConfig.deployDirectory Deploying web application directory [/home/kanvaly/repos/Java-Servlet-e-Shop/apache-tomcat-10.1.2/webapps/ROOT]
01-Dec-2022 19:47:34.389 INFO [main] org.apache.jasper.servlet.TldScanner.scanJars At least one JAR was scanned for TLDs yet contained no TLDs. Enable debug logging for this logger for a complete list of JARs that were scanned but no TLDs were found in them. Skipping unneeded JARs during scanning can improve startup time and JSP compilation time.
01-Dec-2022 19:47:34.662 WARNING [main] org.apache.catalina.util.SessionIdGeneratorBase.createSecureRandom Creation of SecureRandom instance for session ID generation using [SHA1PRNG] took [115] milliseconds.
01-Dec-2022 19:47:34.932 INFO [main] org.apache.catalina.startup.HostConfig.deployDirectory Deployment of web application directory [/home/kanvaly/repos/Java-Servlet-e-Shop/apache-tomcat-10.1.2/webapps/ROOT] has finished in [4,206] ms
01-Dec-2022 19:47:34.942 INFO [main] org.apache.catalina.startup.HostConfig.deployDirectory Deploying web application directory [/home/kanvaly/repos/Java-Servlet-e-Shop/apache-tomcat-10.1.2/webapps/ebookshop]
01-Dec-2022 19:47:36.751 INFO [main] org.apache.jasper.servlet.TldScanner.scanJars At least one JAR was scanned for TLDs yet contained no TLDs. Enable debug logging for this logger for a complete list of JARs that were scanned but no TLDs were found in them. Skipping unneeded JARs during scanning can improve startup time and JSP compilation time.
01-Dec-2022 19:47:36.799 INFO [main] org.apache.catalina.startup.HostConfig.deployDirectory Deployment of web application directory [/home/kanvaly/repos/Java-Servlet-e-Shop/apache-tomcat-10.1.2/webapps/ebookshop] has finished in [1,857] ms
01-Dec-2022 19:47:36.801 INFO [main] org.apache.catalina.startup.HostConfig.deployDirectory Deploying web application directory [/home/kanvaly/repos/Java-Servlet-e-Shop/apache-tomcat-10.1.2/webapps/docs]
01-Dec-2022 19:47:38.259 INFO [main] org.apache.jasper.servlet.TldScanner.scanJars At least one JAR was scanned for TLDs yet contained no TLDs. Enable debug logging for this logger for a complete list of JARs that were scanned but no TLDs were found in them. Skipping unneeded JARs during scanning can improve startup time and JSP compilation time.
01-Dec-2022 19:47:38.283 INFO [main] org.apache.catalina.startup.HostConfig.deployDirectory Deployment of web application directory [/home/kanvaly/repos/Java-Servlet-e-Shop/apache-tomcat-10.1.2/webapps/docs] has finished in [1,482] ms
01-Dec-2022 19:47:38.287 INFO [main] org.apache.catalina.startup.HostConfig.deployDirectory Deploying web application directory [/home/kanvaly/repos/Java-Servlet-e-Shop/apache-tomcat-10.1.2/webapps/examples]
01-Dec-2022 19:47:41.333 INFO [main] org.apache.jasper.servlet.TldScanner.scanJars At least one JAR was scanned for TLDs yet contained no TLDs. Enable debug logging for this logger for a complete list of JARs that were scanned but no TLDs were found in them. Skipping unneeded JARs during scanning can improve startup time and JSP compilation time.
01-Dec-2022 19:47:41.716 INFO [main] org.apache.catalina.startup.HostConfig.deployDirectory Deployment of web application directory [/home/kanvaly/repos/Java-Servlet-e-Shop/apache-tomcat-10.1.2/webapps/examples] has finished in [3,428] ms
01-Dec-2022 19:47:41.731 INFO [main] org.apache.catalina.startup.HostConfig.deployDirectory Deploying web application directory [/home/kanvaly/repos/Java-Servlet-e-Shop/apache-tomcat-10.1.2/webapps/manager]
01-Dec-2022 19:47:43.294 INFO [main] org.apache.jasper.servlet.TldScanner.scanJars At least one JAR was scanned for TLDs yet contained no TLDs. Enable debug logging for this logger for a complete list of JARs that were scanned but no TLDs were found in them. Skipping unneeded JARs during scanning can improve startup time and JSP compilation time.
01-Dec-2022 19:47:43.338 INFO [main] org.apache.catalina.startup.HostConfig.deployDirectory Deployment of web application directory [/home/kanvaly/repos/Java-Servlet-e-Shop/apache-tomcat-10.1.2/webapps/manager] has finished in [1,607] ms
01-Dec-2022 19:47:43.348 INFO [main] org.apache.catalina.startup.HostConfig.deployDirectory Deploying web application directory [/home/kanvaly/repos/Java-Servlet-e-Shop/apache-tomcat-10.1.2/webapps/host-manager]
01-Dec-2022 19:47:45.221 INFO [main] org.apache.jasper.servlet.TldScanner.scanJars At least one JAR was scanned for TLDs yet contained no TLDs. Enable debug logging for this logger for a complete list of JARs that were scanned but no TLDs were found in them. Skipping unneeded JARs during scanning can improve startup time and JSP compilation time.
01-Dec-2022 19:47:45.267 INFO [main] org.apache.catalina.startup.HostConfig.deployDirectory Deployment of web application directory [/home/kanvaly/repos/Java-Servlet-e-Shop/apache-tomcat-10.1.2/webapps/host-manager] has finished in [1,919] ms
01-Dec-2022 19:47:45.349 INFO [main] org.apache.coyote.AbstractProtocol.start Starting ProtocolHandler ["http-nio-9999"]
01-Dec-2022 19:47:45.502 INFO [main] org.apache.catalina.startup.Catalina.start Server startup in [15238] milliseconds
01-Dec-2022 20:27:58.375 INFO [Thread-1] org.apache.coyote.AbstractProtocol.pause Pausing ProtocolHandler ["http-nio-9999"]
01-Dec-2022 20:27:58.387 INFO [Thread-1] org.apache.catalina.core.StandardService.stopInternal Stopping service [Catalina]
01-Dec-2022 20:27:58.512 INFO [Thread-1] org.apache.coyote.AbstractProtocol.stop Stopping ProtocolHandler ["http-nio-9999"]
01-Dec-2022 20:27:58.559 INFO [Thread-1] org.apache.coyote.AbstractProtocol.destroy Destroying ProtocolHandler ["http-nio-9999"]
01-Dec-2022 21:37:08.896 INFO [main] org.apache.catalina.startup.VersionLoggerListener.log Server version name:   Apache Tomcat/10.1.2
01-Dec-2022 21:37:08.911 INFO [main] org.apache.catalina.startup.VersionLoggerListener.log Server built:          Nov 9 2022 15:47:04 UTC
01-Dec-2022 21:37:08.914 INFO [main] org.apache.catalina.startup.VersionLoggerListener.log Server version number: 10.1.2.0
01-Dec-2022 21:37:08.932 INFO [main] org.apache.catalina.startup.VersionLoggerListener.log OS Name:               Linux
01-Dec-2022 21:37:08.945 INFO [main] org.apache.catalina.startup.VersionLoggerListener.log OS Version:            5.15.0-53-generic
01-Dec-2022 21:37:08.946 INFO [main] org.apache.catalina.startup.VersionLoggerListener.log Architecture:          amd64
01-Dec-2022 21:37:08.946 INFO [main] org.apache.catalina.startup.VersionLoggerListener.log Java Home:             /usr/java/jdk-17.0.5+8
01-Dec-2022 21:37:08.946 INFO [main] org.apache.catalina.startup.VersionLoggerListener.log JVM Version:           17.0.5+8
01-Dec-2022 21:37:08.947 INFO [main] org.apache.catalina.startup.VersionLoggerListener.log JVM Vendor:            Eclipse Adoptium
01-Dec-2022 21:37:08.947 INFO [main] org.apache.catalina.startup.VersionLoggerListener.log CATALINA_BASE:         /home/kanvaly/repos/Java-Servlet-e-Shop/apache-tomcat-10.1.2
01-Dec-2022 21:37:08.947 INFO [main] org.apache.catalina.startup.VersionLoggerListener.log CATALINA_HOME:         /home/kanvaly/repos/Java-Servlet-e-Shop/apache-tomcat-10.1.2
01-Dec-2022 21:37:09.066 INFO [main] org.apache.catalina.startup.VersionLoggerListener.log Command line argument: -Djava.util.logging.config.file=/home/kanvaly/repos/Java-Servlet-e-Shop/apache-tomcat-10.1.2/conf/logging.properties
01-Dec-2022 21:37:09.067 INFO [main] org.apache.catalina.startup.VersionLoggerListener.log Command line argument: -Djava.util.logging.manager=org.apache.juli.ClassLoaderLogManager
01-Dec-2022 21:37:09.068 INFO [main] org.apache.catalina.startup.VersionLoggerListener.log Command line argument: -Djdk.tls.ephemeralDHKeySize=2048
01-Dec-2022 21:37:09.081 INFO [main] org.apache.catalina.startup.VersionLoggerListener.log Command line argument: -Djava.protocol.handler.pkgs=org.apache.catalina.webresources
01-Dec-2022 21:37:09.081 INFO [main] org.apache.catalina.startup.VersionLoggerListener.log Command line argument: -Dorg.apache.catalina.security.SecurityListener.UMASK=0027
01-Dec-2022 21:37:09.091 INFO [main] org.apache.catalina.startup.VersionLoggerListener.log Command line argument: --add-opens=java.base/java.lang=ALL-UNNAMED
01-Dec-2022 21:37:09.091 INFO [main] org.apache.catalina.startup.VersionLoggerListener.log Command line argument: --add-opens=java.base/java.io=ALL-UNNAMED
01-Dec-2022 21:37:09.092 INFO [main] org.apache.catalina.startup.VersionLoggerListener.log Command line argument: --add-opens=java.base/java.util=ALL-UNNAMED
01-Dec-2022 21:37:09.092 INFO [main] org.apache.catalina.startup.VersionLoggerListener.log Command line argument: --add-opens=java.base/java.util.concurrent=ALL-UNNAMED
01-Dec-2022 21:37:09.093 INFO [main] org.apache.catalina.startup.VersionLoggerListener.log Command line argument: --add-opens=java.rmi/sun.rmi.transport=ALL-UNNAMED
01-Dec-2022 21:37:09.094 INFO [main] org.apache.catalina.startup.VersionLoggerListener.log Command line argument: -Dcatalina.base=/home/kanvaly/repos/Java-Servlet-e-Shop/apache-tomcat-10.1.2
01-Dec-2022 21:37:09.094 INFO [main] org.apache.catalina.startup.VersionLoggerListener.log Command line argument: -Dcatalina.home=/home/kanvaly/repos/Java-Servlet-e-Shop/apache-tomcat-10.1.2
01-Dec-2022 21:37:09.105 INFO [main] org.apache.catalina.startup.VersionLoggerListener.log Command line argument: -Djava.io.tmpdir=/home/kanvaly/repos/Java-Servlet-e-Shop/apache-tomcat-10.1.2/temp
01-Dec-2022 21:37:09.129 INFO [main] org.apache.catalina.core.AprLifecycleListener.lifecycleEvent The Apache Tomcat Native library which allows using OpenSSL was not found on the java.library.path: [/usr/java/packages/lib:/usr/lib64:/lib64:/lib:/usr/lib]
01-Dec-2022 21:37:12.602 INFO [main] org.apache.coyote.AbstractProtocol.init Initializing ProtocolHandler ["http-nio-9999"]
01-Dec-2022 21:37:12.892 INFO [main] org.apache.catalina.startup.Catalina.load Server initialization in [4936] milliseconds
01-Dec-2022 21:37:13.268 INFO [main] org.apache.catalina.core.StandardService.startInternal Starting service [Catalina]
01-Dec-2022 21:37:13.273 INFO [main] org.apache.catalina.core.StandardEngine.startInternal Starting Servlet engine: [Apache Tomcat/10.1.2]
01-Dec-2022 21:37:13.368 INFO [main] org.apache.catalina.startup.HostConfig.deployDirectory Deploying web application directory [/home/kanvaly/repos/Java-Servlet-e-Shop/apache-tomcat-10.1.2/webapps/ROOT]
01-Dec-2022 21:37:17.515 INFO [main] org.apache.jasper.servlet.TldScanner.scanJars At least one JAR was scanned for TLDs yet contained no TLDs. Enable debug logging for this logger for a complete list of JARs that were scanned but no TLDs were found in them. Skipping unneeded JARs during scanning can improve startup time and JSP compilation time.
01-Dec-2022 21:37:17.950 INFO [main] org.apache.catalina.startup.HostConfig.deployDirectory Deployment of web application directory [/home/kanvaly/repos/Java-Servlet-e-Shop/apache-tomcat-10.1.2/webapps/ROOT] has finished in [4,583] ms
01-Dec-2022 21:37:17.952 INFO [main] org.apache.catalina.startup.HostConfig.deployDirectory Deploying web application directory [/home/kanvaly/repos/Java-Servlet-e-Shop/apache-tomcat-10.1.2/webapps/ebookshop]
01-Dec-2022 21:37:19.683 INFO [main] org.apache.jasper.servlet.TldScanner.scanJars At least one JAR was scanned for TLDs yet contained no TLDs. Enable debug logging for this logger for a complete list of JARs that were scanned but no TLDs were found in them. Skipping unneeded JARs during scanning can improve startup time and JSP compilation time.
01-Dec-2022 21:37:19.771 INFO [main] org.apache.catalina.startup.HostConfig.deployDirectory Deployment of web application directory [/home/kanvaly/repos/Java-Servlet-e-Shop/apache-tomcat-10.1.2/webapps/ebookshop] has finished in [1,820] ms
01-Dec-2022 21:37:19.773 INFO [main] org.apache.catalina.startup.HostConfig.deployDirectory Deploying web application directory [/home/kanvaly/repos/Java-Servlet-e-Shop/apache-tomcat-10.1.2/webapps/docs]
01-Dec-2022 21:37:21.748 INFO [main] org.apache.jasper.servlet.TldScanner.scanJars At least one JAR was scanned for TLDs yet contained no TLDs. Enable debug logging for this logger for a complete list of JARs that were scanned but no TLDs were found in them. Skipping unneeded JARs during scanning can improve startup time and JSP compilation time.
01-Dec-2022 21:37:21.767 INFO [main] org.apache.catalina.startup.HostConfig.deployDirectory Deployment of web application directory [/home/kanvaly/repos/Java-Servlet-e-Shop/apache-tomcat-10.1.2/webapps/docs] has finished in [1,993] ms
01-Dec-2022 21:37:21.778 INFO [main] org.apache.catalina.startup.HostConfig.deployDirectory Deploying web application directory [/home/kanvaly/repos/Java-Servlet-e-Shop/apache-tomcat-10.1.2/webapps/examples]
01-Dec-2022 21:37:23.925 INFO [main] org.apache.jasper.servlet.TldScanner.scanJars At least one JAR was scanned for TLDs yet contained no TLDs. Enable debug logging for this logger for a complete list of JARs that were scanned but no TLDs were found in them. Skipping unneeded JARs during scanning can improve startup time and JSP compilation time.
01-Dec-2022 21:37:24.349 INFO [main] org.apache.catalina.startup.HostConfig.deployDirectory Deployment of web application directory [/home/kanvaly/repos/Java-Servlet-e-Shop/apache-tomcat-10.1.2/webapps/examples] has finished in [2,570] ms
01-Dec-2022 21:37:24.363 INFO [main] org.apache.catalina.startup.HostConfig.deployDirectory Deploying web application directory [/home/kanvaly/repos/Java-Servlet-e-Shop/apache-tomcat-10.1.2/webapps/manager]
01-Dec-2022 21:37:26.114 INFO [main] org.apache.jasper.servlet.TldScanner.scanJars At least one JAR was scanned for TLDs yet contained no TLDs. Enable debug logging for this logger for a complete list of JARs that were scanned but no TLDs were found in them. Skipping unneeded JARs during scanning can improve startup time and JSP compilation time.
01-Dec-2022 21:37:26.158 INFO [main] org.apache.catalina.startup.HostConfig.deployDirectory Deployment of web application directory [/home/kanvaly/repos/Java-Servlet-e-Shop/apache-tomcat-10.1.2/webapps/manager] has finished in [1,794] ms
01-Dec-2022 21:37:26.169 INFO [main] org.apache.catalina.startup.HostConfig.deployDirectory Deploying web application directory [/home/kanvaly/repos/Java-Servlet-e-Shop/apache-tomcat-10.1.2/webapps/host-manager]
01-Dec-2022 21:37:27.936 INFO [main] org.apache.jasper.servlet.TldScanner.scanJars At least one JAR was scanned for TLDs yet contained no TLDs. Enable debug logging for this logger for a complete list of JARs that were scanned but no TLDs were found in them. Skipping unneeded JARs during scanning can improve startup time and JSP compilation time.
01-Dec-2022 21:37:27.971 INFO [main] org.apache.catalina.startup.HostConfig.deployDirectory Deployment of web application directory [/home/kanvaly/repos/Java-Servlet-e-Shop/apache-tomcat-10.1.2/webapps/host-manager] has finished in [1,802] ms
01-Dec-2022 21:37:28.003 INFO [main] org.apache.coyote.AbstractProtocol.start Starting ProtocolHandler ["http-nio-9999"]
01-Dec-2022 21:37:28.075 INFO [main] org.apache.catalina.startup.Catalina.start Server startup in [15181] milliseconds
01-Dec-2022 22:44:04.757 INFO [Thread-1] org.apache.coyote.AbstractProtocol.pause Pausing ProtocolHandler ["http-nio-9999"]
01-Dec-2022 22:44:04.761 INFO [Thread-1] org.apache.catalina.core.StandardService.stopInternal Stopping service [Catalina]
01-Dec-2022 22:44:04.862 INFO [Thread-1] org.apache.coyote.AbstractProtocol.stop Stopping ProtocolHandler ["http-nio-9999"]
01-Dec-2022 22:44:04.898 INFO [Thread-1] org.apache.coyote.AbstractProtocol.destroy Destroying ProtocolHandler ["http-nio-9999"]
01-Dec-2022 22:50:14.660 INFO [main] org.apache.catalina.startup.VersionLoggerListener.log Server version name:   Apache Tomcat/10.1.2
01-Dec-2022 22:50:14.677 INFO [main] org.apache.catalina.startup.VersionLoggerListener.log Server built:          Nov 9 2022 15:47:04 UTC
01-Dec-2022 22:50:14.677 INFO [main] org.apache.catalina.startup.VersionLoggerListener.log Server version number: 10.1.2.0
01-Dec-2022 22:50:14.678 INFO [main] org.apache.catalina.startup.VersionLoggerListener.log OS Name:               Linux
01-Dec-2022 22:50:14.678 INFO [main] org.apache.catalina.startup.VersionLoggerListener.log OS Version:            5.15.0-53-generic
01-Dec-2022 22:50:14.678 INFO [main] org.apache.catalina.startup.VersionLoggerListener.log Architecture:          amd64
01-Dec-2022 22:50:14.679 INFO [main] org.apache.catalina.startup.VersionLoggerListener.log Java Home:             /usr/java/jdk-17.0.5+8
01-Dec-2022 22:50:14.679 INFO [main] org.apache.catalina.startup.VersionLoggerListener.log JVM Version:           17.0.5+8
01-Dec-2022 22:50:14.680 INFO [main] org.apache.catalina.startup.VersionLoggerListener.log JVM Vendor:            Eclipse Adoptium
01-Dec-2022 22:50:14.680 INFO [main] org.apache.catalina.startup.VersionLoggerListener.log CATALINA_BASE:         /home/kanvaly/repos/Java-Servlet-e-Shop/apache-tomcat-10.1.2
01-Dec-2022 22:50:14.680 INFO [main] org.apache.catalina.startup.VersionLoggerListener.log CATALINA_HOME:         /home/kanvaly/repos/Java-Servlet-e-Shop/apache-tomcat-10.1.2
01-Dec-2022 22:50:14.718 INFO [main] org.apache.catalina.startup.VersionLoggerListener.log Command line argument: -Djava.util.logging.config.file=/home/kanvaly/repos/Java-Servlet-e-Shop/apache-tomcat-10.1.2/conf/logging.properties
01-Dec-2022 22:50:14.718 INFO [main] org.apache.catalina.startup.VersionLoggerListener.log Command line argument: -Djava.util.logging.manager=org.apache.juli.ClassLoaderLogManager
01-Dec-2022 22:50:14.718 INFO [main] org.apache.catalina.startup.VersionLoggerListener.log Command line argument: -Djdk.tls.ephemeralDHKeySize=2048
01-Dec-2022 22:50:14.718 INFO [main] org.apache.catalina.startup.VersionLoggerListener.log Command line argument: -Djava.protocol.handler.pkgs=org.apache.catalina.webresources
01-Dec-2022 22:50:14.719 INFO [main] org.apache.catalina.startup.VersionLoggerListener.log Command line argument: -Dorg.apache.catalina.security.SecurityListener.UMASK=0027
01-Dec-2022 22:50:14.719 INFO [main] org.apache.catalina.startup.VersionLoggerListener.log Command line argument: --add-opens=java.base/java.lang=ALL-UNNAMED
01-Dec-2022 22:50:14.719 INFO [main] org.apache.catalina.startup.VersionLoggerListener.log Command line argument: --add-opens=java.base/java.io=ALL-UNNAMED
01-Dec-2022 22:50:14.719 INFO [main] org.apache.catalina.startup.VersionLoggerListener.log Command line argument: --add-opens=java.base/java.util=ALL-UNNAMED
01-Dec-2022 22:50:14.719 INFO [main] org.apache.catalina.startup.VersionLoggerListener.log Command line argument: --add-opens=java.base/java.util.concurrent=ALL-UNNAMED
01-Dec-2022 22:50:14.719 INFO [main] org.apache.catalina.startup.VersionLoggerListener.log Command line argument: --add-opens=java.rmi/sun.rmi.transport=ALL-UNNAMED
01-Dec-2022 22:50:14.720 INFO [main] org.apache.catalina.startup.VersionLoggerListener.log Command line argument: -Dcatalina.base=/home/kanvaly/repos/Java-Servlet-e-Shop/apache-tomcat-10.1.2
01-Dec-2022 22:50:14.720 INFO [main] org.apache.catalina.startup.VersionLoggerListener.log Command line argument: -Dcatalina.home=/home/kanvaly/repos/Java-Servlet-e-Shop/apache-tomcat-10.1.2
01-Dec-2022 22:50:14.720 INFO [main] org.apache.catalina.startup.VersionLoggerListener.log Command line argument: -Djava.io.tmpdir=/home/kanvaly/repos/Java-Servlet-e-Shop/apache-tomcat-10.1.2/temp
01-Dec-2022 22:50:14.730 INFO [main] org.apache.catalina.core.AprLifecycleListener.lifecycleEvent The Apache Tomcat Native library which allows using OpenSSL was not found on the java.library.path: [/usr/java/packages/lib:/usr/lib64:/lib64:/lib:/usr/lib]
01-Dec-2022 22:50:15.664 INFO [main] org.apache.coyote.AbstractProtocol.init Initializing ProtocolHandler ["http-nio-9999"]
01-Dec-2022 22:50:15.733 INFO [main] org.apache.catalina.startup.Catalina.load Server initialization in [1394] milliseconds
01-Dec-2022 22:50:15.877 INFO [main] org.apache.catalina.core.StandardService.startInternal Starting service [Catalina]
01-Dec-2022 22:50:15.885 INFO [main] org.apache.catalina.core.StandardEngine.startInternal Starting Servlet engine: [Apache Tomcat/10.1.2]
01-Dec-2022 22:50:15.928 INFO [main] org.apache.catalina.startup.HostConfig.deployDirectory Deploying web application directory [/home/kanvaly/repos/Java-Servlet-e-Shop/apache-tomcat-10.1.2/webapps/ROOT]
01-Dec-2022 22:50:17.219 INFO [main] org.apache.jasper.servlet.TldScanner.scanJars At least one JAR was scanned for TLDs yet contained no TLDs. Enable debug logging for this logger for a complete list of JARs that were scanned but no TLDs were found in them. Skipping unneeded JARs during scanning can improve startup time and JSP compilation time.
01-Dec-2022 22:50:17.443 INFO [main] org.apache.catalina.startup.HostConfig.deployDirectory Deployment of web application directory [/home/kanvaly/repos/Java-Servlet-e-Shop/apache-tomcat-10.1.2/webapps/ROOT] has finished in [1,516] ms
01-Dec-2022 22:50:17.449 INFO [main] org.apache.catalina.startup.HostConfig.deployDirectory Deploying web application directory [/home/kanvaly/repos/Java-Servlet-e-Shop/apache-tomcat-10.1.2/webapps/ebookshop]
01-Dec-2022 22:50:18.272 INFO [main] org.apache.jasper.servlet.TldScanner.scanJars At least one JAR was scanned for TLDs yet contained no TLDs. Enable debug logging for this logger for a complete list of JARs that were scanned but no TLDs were found in them. Skipping unneeded JARs during scanning can improve startup time and JSP compilation time.
01-Dec-2022 22:50:18.308 INFO [main] org.apache.catalina.startup.HostConfig.deployDirectory Deployment of web application directory [/home/kanvaly/repos/Java-Servlet-e-Shop/apache-tomcat-10.1.2/webapps/ebookshop] has finished in [858] ms
01-Dec-2022 22:50:18.314 INFO [main] org.apache.catalina.startup.HostConfig.deployDirectory Deploying web application directory [/home/kanvaly/repos/Java-Servlet-e-Shop/apache-tomcat-10.1.2/webapps/docs]
01-Dec-2022 22:50:19.047 INFO [main] org.apache.jasper.servlet.TldScanner.scanJars At least one JAR was scanned for TLDs yet contained no TLDs. Enable debug logging for this logger for a complete list of JARs that were scanned but no TLDs were found in them. Skipping unneeded JARs during scanning can improve startup time and JSP compilation time.
01-Dec-2022 22:50:19.070 INFO [main] org.apache.catalina.startup.HostConfig.deployDirectory Deployment of web application directory [/home/kanvaly/repos/Java-Servlet-e-Shop/apache-tomcat-10.1.2/webapps/docs] has finished in [756] ms
01-Dec-2022 22:50:19.073 INFO [main] org.apache.catalina.startup.HostConfig.deployDirectory Deploying web application directory [/home/kanvaly/repos/Java-Servlet-e-Shop/apache-tomcat-10.1.2/webapps/examples]
01-Dec-2022 22:50:19.883 INFO [main] org.apache.jasper.servlet.TldScanner.scanJars At least one JAR was scanned for TLDs yet contained no TLDs. Enable debug logging for this logger for a complete list of JARs that were scanned but no TLDs were found in them. Skipping unneeded JARs during scanning can improve startup time and JSP compilation time.
01-Dec-2022 22:50:20.110 INFO [main] org.apache.catalina.startup.HostConfig.deployDirectory Deployment of web application directory [/home/kanvaly/repos/Java-Servlet-e-Shop/apache-tomcat-10.1.2/webapps/examples] has finished in [1,037] ms
01-Dec-2022 22:50:20.115 INFO [main] org.apache.catalina.startup.HostConfig.deployDirectory Deploying web application directory [/home/kanvaly/repos/Java-Servlet-e-Shop/apache-tomcat-10.1.2/webapps/manager]
01-Dec-2022 22:50:20.640 INFO [main] org.apache.jasper.servlet.TldScanner.scanJars At least one JAR was scanned for TLDs yet contained no TLDs. Enable debug logging for this logger for a complete list of JARs that were scanned but no TLDs were found in them. Skipping unneeded JARs during scanning can improve startup time and JSP compilation time.
01-Dec-2022 22:50:20.653 INFO [main] org.apache.catalina.startup.HostConfig.deployDirectory Deployment of web application directory [/home/kanvaly/repos/Java-Servlet-e-Shop/apache-tomcat-10.1.2/webapps/manager] has finished in [538] ms
01-Dec-2022 22:50:20.655 INFO [main] org.apache.catalina.startup.HostConfig.deployDirectory Deploying web application directory [/home/kanvaly/repos/Java-Servlet-e-Shop/apache-tomcat-10.1.2/webapps/host-manager]
01-Dec-2022 22:50:21.250 INFO [main] org.apache.jasper.servlet.TldScanner.scanJars At least one JAR was scanned for TLDs yet contained no TLDs. Enable debug logging for this logger for a complete list of JARs that were scanned but no TLDs were found in them. Skipping unneeded JARs during scanning can improve startup time and JSP compilation time.
01-Dec-2022 22:50:21.262 INFO [main] org.apache.catalina.startup.HostConfig.deployDirectory Deployment of web application directory [/home/kanvaly/repos/Java-Servlet-e-Shop/apache-tomcat-10.1.2/webapps/host-manager] has finished in [606] ms
01-Dec-2022 22:50:21.266 INFO [main] org.apache.coyote.AbstractProtocol.start Starting ProtocolHandler ["http-nio-9999"]
01-Dec-2022 22:50:21.356 INFO [main] org.apache.catalina.startup.Catalina.start Server startup in [5622] milliseconds
01-Dec-2022 22:58:38.509 INFO [Thread-1] org.apache.coyote.AbstractProtocol.pause Pausing ProtocolHandler ["http-nio-9999"]
01-Dec-2022 22:58:38.515 INFO [Thread-1] org.apache.catalina.core.StandardService.stopInternal Stopping service [Catalina]
01-Dec-2022 22:58:38.590 INFO [Thread-1] org.apache.coyote.AbstractProtocol.stop Stopping ProtocolHandler ["http-nio-9999"]
01-Dec-2022 22:58:38.610 INFO [Thread-1] org.apache.coyote.AbstractProtocol.destroy Destroying ProtocolHandler ["http-nio-9999"]
01-Dec-2022 22:59:30.989 INFO [main] org.apache.catalina.startup.VersionLoggerListener.log Server version name:   Apache Tomcat/10.1.2
01-Dec-2022 22:59:31.000 INFO [main] org.apache.catalina.startup.VersionLoggerListener.log Server built:          Nov 9 2022 15:47:04 UTC
01-Dec-2022 22:59:31.002 INFO [main] org.apache.catalina.startup.VersionLoggerListener.log Server version number: 10.1.2.0
01-Dec-2022 22:59:31.002 INFO [main] org.apache.catalina.startup.VersionLoggerListener.log OS Name:               Linux
01-Dec-2022 22:59:31.002 INFO [main] org.apache.catalina.startup.VersionLoggerListener.log OS Version:            5.15.0-53-generic
01-Dec-2022 22:59:31.006 INFO [main] org.apache.catalina.startup.VersionLoggerListener.log Architecture:          amd64
01-Dec-2022 22:59:31.007 INFO [main] org.apache.catalina.startup.VersionLoggerListener.log Java Home:             /usr/java/jdk-17.0.5+8
01-Dec-2022 22:59:31.007 INFO [main] org.apache.catalina.startup.VersionLoggerListener.log JVM Version:           17.0.5+8
01-Dec-2022 22:59:31.007 INFO [main] org.apache.catalina.startup.VersionLoggerListener.log JVM Vendor:            Eclipse Adoptium
01-Dec-2022 22:59:31.007 INFO [main] org.apache.catalina.startup.VersionLoggerListener.log CATALINA_BASE:         /home/kanvaly/repos/Java-Servlet-e-Shop/apache-tomcat-10.1.2
01-Dec-2022 22:59:31.007 INFO [main] org.apache.catalina.startup.VersionLoggerListener.log CATALINA_HOME:         /home/kanvaly/repos/Java-Servlet-e-Shop/apache-tomcat-10.1.2
01-Dec-2022 22:59:31.045 INFO [main] org.apache.catalina.startup.VersionLoggerListener.log Command line argument: -Djava.util.logging.config.file=/home/kanvaly/repos/Java-Servlet-e-Shop/apache-tomcat-10.1.2/conf/logging.properties
01-Dec-2022 22:59:31.046 INFO [main] org.apache.catalina.startup.VersionLoggerListener.log Command line argument: -Djava.util.logging.manager=org.apache.juli.ClassLoaderLogManager
01-Dec-2022 22:59:31.047 INFO [main] org.apache.catalina.startup.VersionLoggerListener.log Command line argument: -Djdk.tls.ephemeralDHKeySize=2048
01-Dec-2022 22:59:31.054 INFO [main] org.apache.catalina.startup.VersionLoggerListener.log Command line argument: -Djava.protocol.handler.pkgs=org.apache.catalina.webresources
01-Dec-2022 22:59:31.056 INFO [main] org.apache.catalina.startup.VersionLoggerListener.log Command line argument: -Dorg.apache.catalina.security.SecurityListener.UMASK=0027
01-Dec-2022 22:59:31.056 INFO [main] org.apache.catalina.startup.VersionLoggerListener.log Command line argument: --add-opens=java.base/java.lang=ALL-UNNAMED
01-Dec-2022 22:59:31.060 INFO [main] org.apache.catalina.startup.VersionLoggerListener.log Command line argument: --add-opens=java.base/java.io=ALL-UNNAMED
01-Dec-2022 22:59:31.061 INFO [main] org.apache.catalina.startup.VersionLoggerListener.log Command line argument: --add-opens=java.base/java.util=ALL-UNNAMED
01-Dec-2022 22:59:31.061 INFO [main] org.apache.catalina.startup.VersionLoggerListener.log Command line argument: --add-opens=java.base/java.util.concurrent=ALL-UNNAMED
01-Dec-2022 22:59:31.061 INFO [main] org.apache.catalina.startup.VersionLoggerListener.log Command line argument: --add-opens=java.rmi/sun.rmi.transport=ALL-UNNAMED
01-Dec-2022 22:59:31.061 INFO [main] org.apache.catalina.startup.VersionLoggerListener.log Command line argument: -Dcatalina.base=/home/kanvaly/repos/Java-Servlet-e-Shop/apache-tomcat-10.1.2
01-Dec-2022 22:59:31.061 INFO [main] org.apache.catalina.startup.VersionLoggerListener.log Command line argument: -Dcatalina.home=/home/kanvaly/repos/Java-Servlet-e-Shop/apache-tomcat-10.1.2
01-Dec-2022 22:59:31.061 INFO [main] org.apache.catalina.startup.VersionLoggerListener.log Command line argument: -Djava.io.tmpdir=/home/kanvaly/repos/Java-Servlet-e-Shop/apache-tomcat-10.1.2/temp
01-Dec-2022 22:59:31.069 INFO [main] org.apache.catalina.core.AprLifecycleListener.lifecycleEvent The Apache Tomcat Native library which allows using OpenSSL was not found on the java.library.path: [/usr/java/packages/lib:/usr/lib64:/lib64:/lib:/usr/lib]
01-Dec-2022 22:59:31.899 INFO [main] org.apache.coyote.AbstractProtocol.init Initializing ProtocolHandler ["http-nio-9999"]
01-Dec-2022 22:59:32.022 INFO [main] org.apache.catalina.startup.Catalina.load Server initialization in [1393] milliseconds
01-Dec-2022 22:59:32.134 INFO [main] org.apache.catalina.core.StandardService.startInternal Starting service [Catalina]
01-Dec-2022 22:59:32.138 INFO [main] org.apache.catalina.core.StandardEngine.startInternal Starting Servlet engine: [Apache Tomcat/10.1.2]
01-Dec-2022 22:59:32.170 INFO [main] org.apache.catalina.startup.HostConfig.deployDirectory Deploying web application directory [/home/kanvaly/repos/Java-Servlet-e-Shop/apache-tomcat-10.1.2/webapps/ROOT]
01-Dec-2022 22:59:33.747 INFO [main] org.apache.jasper.servlet.TldScanner.scanJars At least one JAR was scanned for TLDs yet contained no TLDs. Enable debug logging for this logger for a complete list of JARs that were scanned but no TLDs were found in them. Skipping unneeded JARs during scanning can improve startup time and JSP compilation time.
01-Dec-2022 22:59:33.966 INFO [main] org.apache.catalina.startup.HostConfig.deployDirectory Deployment of web application directory [/home/kanvaly/repos/Java-Servlet-e-Shop/apache-tomcat-10.1.2/webapps/ROOT] has finished in [1,795] ms
01-Dec-2022 22:59:33.972 INFO [main] org.apache.catalina.startup.HostConfig.deployDirectory Deploying web application directory [/home/kanvaly/repos/Java-Servlet-e-Shop/apache-tomcat-10.1.2/webapps/ebookshop]
01-Dec-2022 22:59:34.843 INFO [main] org.apache.jasper.servlet.TldScanner.scanJars At least one JAR was scanned for TLDs yet contained no TLDs. Enable debug logging for this logger for a complete list of JARs that were scanned but no TLDs were found in them. Skipping unneeded JARs during scanning can improve startup time and JSP compilation time.
01-Dec-2022 22:59:34.879 INFO [main] org.apache.catalina.startup.HostConfig.deployDirectory Deployment of web application directory [/home/kanvaly/repos/Java-Servlet-e-Shop/apache-tomcat-10.1.2/webapps/ebookshop] has finished in [901] ms
01-Dec-2022 22:59:34.881 INFO [main] org.apache.catalina.startup.HostConfig.deployDirectory Deploying web application directory [/home/kanvaly/repos/Java-Servlet-e-Shop/apache-tomcat-10.1.2/webapps/docs]
01-Dec-2022 22:59:35.400 INFO [main] org.apache.jasper.servlet.TldScanner.scanJars At least one JAR was scanned for TLDs yet contained no TLDs. Enable debug logging for this logger for a complete list of JARs that were scanned but no TLDs were found in them. Skipping unneeded JARs during scanning can improve startup time and JSP compilation time.
01-Dec-2022 22:59:35.407 INFO [main] org.apache.catalina.startup.HostConfig.deployDirectory Deployment of web application directory [/home/kanvaly/repos/Java-Servlet-e-Shop/apache-tomcat-10.1.2/webapps/docs] has finished in [526] ms
01-Dec-2022 22:59:35.410 INFO [main] org.apache.catalina.startup.HostConfig.deployDirectory Deploying web application directory [/home/kanvaly/repos/Java-Servlet-e-Shop/apache-tomcat-10.1.2/webapps/examples]
01-Dec-2022 22:59:36.334 INFO [main] org.apache.jasper.servlet.TldScanner.scanJars At least one JAR was scanned for TLDs yet contained no TLDs. Enable debug logging for this logger for a complete list of JARs that were scanned but no TLDs were found in them. Skipping unneeded JARs during scanning can improve startup time and JSP compilation time.
01-Dec-2022 22:59:36.508 INFO [main] org.apache.catalina.startup.HostConfig.deployDirectory Deployment of web application directory [/home/kanvaly/repos/Java-Servlet-e-Shop/apache-tomcat-10.1.2/webapps/examples] has finished in [1,098] ms
01-Dec-2022 22:59:36.510 INFO [main] org.apache.catalina.startup.HostConfig.deployDirectory Deploying web application directory [/home/kanvaly/repos/Java-Servlet-e-Shop/apache-tomcat-10.1.2/webapps/manager]
01-Dec-2022 22:59:37.085 INFO [main] org.apache.jasper.servlet.TldScanner.scanJars At least one JAR was scanned for TLDs yet contained no TLDs. Enable debug logging for this logger for a complete list of JARs that were scanned but no TLDs were found in them. Skipping unneeded JARs during scanning can improve startup time and JSP compilation time.
01-Dec-2022 22:59:37.114 INFO [main] org.apache.catalina.startup.HostConfig.deployDirectory Deployment of web application directory [/home/kanvaly/repos/Java-Servlet-e-Shop/apache-tomcat-10.1.2/webapps/manager] has finished in [602] ms
01-Dec-2022 22:59:37.117 INFO [main] org.apache.catalina.startup.HostConfig.deployDirectory Deploying web application directory [/home/kanvaly/repos/Java-Servlet-e-Shop/apache-tomcat-10.1.2/webapps/host-manager]
01-Dec-2022 22:59:37.693 INFO [main] org.apache.jasper.servlet.TldScanner.scanJars At least one JAR was scanned for TLDs yet contained no TLDs. Enable debug logging for this logger for a complete list of JARs that were scanned but no TLDs were found in them. Skipping unneeded JARs during scanning can improve startup time and JSP compilation time.
01-Dec-2022 22:59:37.705 INFO [main] org.apache.catalina.startup.HostConfig.deployDirectory Deployment of web application directory [/home/kanvaly/repos/Java-Servlet-e-Shop/apache-tomcat-10.1.2/webapps/host-manager] has finished in [587] ms
01-Dec-2022 22:59:37.710 INFO [main] org.apache.coyote.AbstractProtocol.start Starting ProtocolHandler ["http-nio-9999"]
01-Dec-2022 22:59:37.735 INFO [main] org.apache.catalina.startup.Catalina.start Server startup in [5701] milliseconds
