27-Nov-2022 19:59:46.038 INFO [main] org.apache.catalina.core.ApplicationContext.log ContextListener: contextInitialized()
27-Nov-2022 19:59:46.040 INFO [main] org.apache.catalina.core.ApplicationContext.log SessionListener: contextInitialized()
27-Nov-2022 19:59:46.043 INFO [main] org.apache.catalina.core.ApplicationContext.log ContextListener: attributeAdded('StockTicker', 'async.Stockticker@557a1e2d')
27-Nov-2022 20:43:47.233 INFO [Catalina-utility-2] org.apache.catalina.core.ApplicationContext.log SessionListener: contextDestroyed()
27-Nov-2022 20:43:47.234 INFO [Catalina-utility-2] org.apache.catalina.core.ApplicationContext.log ContextListener: contextDestroyed()
27-Nov-2022 20:43:47.701 INFO [Catalina-utility-2] org.apache.catalina.core.ApplicationContext.log ContextListener: contextInitialized()
27-Nov-2022 20:43:47.701 INFO [Catalina-utility-2] org.apache.catalina.core.ApplicationContext.log SessionListener: contextInitialized()
27-Nov-2022 20:43:47.702 INFO [Catalina-utility-2] org.apache.catalina.core.ApplicationContext.log ContextListener: attributeAdded('StockTicker', 'async.Stockticker@38c88057')
27-Nov-2022 20:47:27.974 INFO [Catalina-utility-2] org.apache.catalina.core.ApplicationContext.log SessionListener: contextDestroyed()
27-Nov-2022 20:47:27.974 INFO [Catalina-utility-2] org.apache.catalina.core.ApplicationContext.log ContextListener: contextDestroyed()
27-Nov-2022 20:47:29.268 INFO [Catalina-utility-2] org.apache.catalina.core.ApplicationContext.log ContextListener: contextInitialized()
27-Nov-2022 20:47:29.268 INFO [Catalina-utility-2] org.apache.catalina.core.ApplicationContext.log SessionListener: contextInitialized()
27-Nov-2022 20:47:29.270 INFO [Catalina-utility-2] org.apache.catalina.core.ApplicationContext.log ContextListener: attributeAdded('StockTicker', 'async.Stockticker@623704d')
27-Nov-2022 20:48:09.507 INFO [Catalina-utility-1] org.apache.catalina.core.ApplicationContext.log SessionListener: contextDestroyed()
27-Nov-2022 20:48:09.507 INFO [Catalina-utility-1] org.apache.catalina.core.ApplicationContext.log ContextListener: contextDestroyed()
27-Nov-2022 20:48:10.054 INFO [Catalina-utility-1] org.apache.catalina.core.ApplicationContext.log ContextListener: contextInitialized()
27-Nov-2022 20:48:10.056 INFO [Catalina-utility-1] org.apache.catalina.core.ApplicationContext.log SessionListener: contextInitialized()
27-Nov-2022 20:48:10.058 INFO [Catalina-utility-1] org.apache.catalina.core.ApplicationContext.log ContextListener: attributeAdded('StockTicker', 'async.Stockticker@653b20a0')
27-Nov-2022 20:48:29.378 INFO [main] org.apache.catalina.core.ApplicationContext.log ContextListener: contextInitialized()
27-Nov-2022 20:48:29.378 INFO [main] org.apache.catalina.core.ApplicationContext.log SessionListener: contextInitialized()
27-Nov-2022 20:48:29.381 INFO [main] org.apache.catalina.core.ApplicationContext.log ContextListener: attributeAdded('StockTicker', 'async.Stockticker@5c00384f')
27-Nov-2022 20:48:29.590 INFO [main] org.apache.catalina.core.ApplicationContext.log SessionListener: contextDestroyed()
27-Nov-2022 20:48:29.591 INFO [main] org.apache.catalina.core.ApplicationContext.log ContextListener: contextDestroyed()
27-Nov-2022 20:49:55.122 INFO [main] org.apache.catalina.core.ApplicationContext.log SessionListener: contextDestroyed()
27-Nov-2022 20:49:55.122 INFO [main] org.apache.catalina.core.ApplicationContext.log ContextListener: contextDestroyed()
27-Nov-2022 20:51:04.637 INFO [main] org.apache.catalina.core.ApplicationContext.log ContextListener: contextInitialized()
27-Nov-2022 20:51:04.640 INFO [main] org.apache.catalina.core.ApplicationContext.log SessionListener: contextInitialized()
27-Nov-2022 20:51:04.645 INFO [main] org.apache.catalina.core.ApplicationContext.log ContextListener: attributeAdded('StockTicker', 'async.Stockticker@aa549e5')
27-Nov-2022 21:00:54.511 INFO [Thread-1] org.apache.catalina.core.ApplicationContext.log SessionListener: contextDestroyed()
27-Nov-2022 21:00:54.511 INFO [Thread-1] org.apache.catalina.core.ApplicationContext.log ContextListener: contextDestroyed()
27-Nov-2022 21:04:55.993 INFO [main] org.apache.catalina.core.ApplicationContext.log ContextListener: contextInitialized()
27-Nov-2022 21:04:55.994 INFO [main] org.apache.catalina.core.ApplicationContext.log SessionListener: contextInitialized()
27-Nov-2022 21:04:55.997 INFO [main] org.apache.catalina.core.ApplicationContext.log ContextListener: attributeAdded('StockTicker', 'async.Stockticker@10c626be')
27-Nov-2022 22:00:38.920 INFO [Thread-1] org.apache.catalina.core.ApplicationContext.log SessionListener: contextDestroyed()
27-Nov-2022 22:00:38.920 INFO [Thread-1] org.apache.catalina.core.ApplicationContext.log ContextListener: contextDestroyed()
27-Nov-2022 22:11:57.338 INFO [main] org.apache.catalina.core.ApplicationContext.log ContextListener: contextInitialized()
27-Nov-2022 22:11:57.340 INFO [main] org.apache.catalina.core.ApplicationContext.log SessionListener: contextInitialized()
27-Nov-2022 22:11:57.343 INFO [main] org.apache.catalina.core.ApplicationContext.log ContextListener: attributeAdded('StockTicker', 'async.Stockticker@1fcb4808')
27-Nov-2022 22:14:07.133 INFO [Thread-1] org.apache.catalina.core.ApplicationContext.log SessionListener: contextDestroyed()
27-Nov-2022 22:14:07.134 INFO [Thread-1] org.apache.catalina.core.ApplicationContext.log ContextListener: contextDestroyed()
27-Nov-2022 22:18:40.012 INFO [main] org.apache.catalina.core.ApplicationContext.log ContextListener: contextInitialized()
27-Nov-2022 22:18:40.012 INFO [main] org.apache.catalina.core.ApplicationContext.log SessionListener: contextInitialized()
27-Nov-2022 22:18:40.015 INFO [main] org.apache.catalina.core.ApplicationContext.log ContextListener: attributeAdded('StockTicker', 'async.Stockticker@7c2b6087')
27-Nov-2022 23:42:18.134 INFO [Thread-1] org.apache.catalina.core.ApplicationContext.log SessionListener: contextDestroyed()
27-Nov-2022 23:42:18.134 INFO [Thread-1] org.apache.catalina.core.ApplicationContext.log ContextListener: contextDestroyed()
