03-Dec-2022 01:35:36.042 INFO [main] org.apache.catalina.core.ApplicationContext.log ContextListener: contextInitialized()
03-Dec-2022 01:35:36.045 INFO [main] org.apache.catalina.core.ApplicationContext.log SessionListener: contextInitialized()
03-Dec-2022 01:35:36.056 INFO [main] org.apache.catalina.core.ApplicationContext.log ContextListener: attributeAdded('StockTicker', 'async.Stockticker@58ebfd03')
03-Dec-2022 22:36:01.970 INFO [Catalina-utility-1] org.apache.catalina.core.ApplicationContext.log SessionListener: contextDestroyed()
03-Dec-2022 22:36:01.971 INFO [Catalina-utility-1] org.apache.catalina.core.ApplicationContext.log ContextListener: contextDestroyed()
03-Dec-2022 22:36:03.160 INFO [Catalina-utility-1] org.apache.catalina.core.ApplicationContext.log ContextListener: contextInitialized()
03-Dec-2022 22:36:03.166 INFO [Catalina-utility-1] org.apache.catalina.core.ApplicationContext.log SessionListener: contextInitialized()
03-Dec-2022 22:36:03.167 INFO [Catalina-utility-1] org.apache.catalina.core.ApplicationContext.log ContextListener: attributeAdded('StockTicker', 'async.Stockticker@4fe650a6')
03-Dec-2022 22:40:32.963 INFO [Thread-1] org.apache.catalina.core.ApplicationContext.log SessionListener: contextDestroyed()
03-Dec-2022 22:40:32.964 INFO [Thread-1] org.apache.catalina.core.ApplicationContext.log ContextListener: contextDestroyed()
03-Dec-2022 23:00:37.911 INFO [main] org.apache.catalina.core.ApplicationContext.log ContextListener: contextInitialized()
03-Dec-2022 23:00:37.916 INFO [main] org.apache.catalina.core.ApplicationContext.log SessionListener: contextInitialized()
03-Dec-2022 23:00:37.919 INFO [main] org.apache.catalina.core.ApplicationContext.log ContextListener: attributeAdded('StockTicker', 'async.Stockticker@1080b026')
03-Dec-2022 23:08:24.736 INFO [Thread-1] org.apache.catalina.core.ApplicationContext.log SessionListener: contextDestroyed()
03-Dec-2022 23:08:24.737 INFO [Thread-1] org.apache.catalina.core.ApplicationContext.log ContextListener: contextDestroyed()
03-Dec-2022 23:09:22.479 INFO [main] org.apache.catalina.core.ApplicationContext.log ContextListener: contextInitialized()
03-Dec-2022 23:09:22.479 INFO [main] org.apache.catalina.core.ApplicationContext.log SessionListener: contextInitialized()
03-Dec-2022 23:09:22.494 INFO [main] org.apache.catalina.core.ApplicationContext.log ContextListener: attributeAdded('StockTicker', 'async.Stockticker@19fb8826')
03-Dec-2022 23:20:32.332 INFO [Thread-1] org.apache.catalina.core.ApplicationContext.log SessionListener: contextDestroyed()
03-Dec-2022 23:20:32.337 INFO [Thread-1] org.apache.catalina.core.ApplicationContext.log ContextListener: contextDestroyed()
